\BOOKMARK [1][-]{section.1}{\376\377\000I\000n\000t\000r\000o\000d\000u\000\347\000\343\000o}{}% 1
\BOOKMARK [1][-]{section.2}{\376\377\000P\000r\000a\000e\000s\000t\000i\000t\000i\000a}{}% 2
\BOOKMARK [1][-]{section.3}{\376\377\000M\000o\000d\000e\000l\000o\000\040\000C\000o\000n\000c\000e\000i\000t\000u\000a\000l}{}% 3
\BOOKMARK [1][-]{section.4}{\376\377\000M\000o\000d\000e\000l\000o\000\040\000L\000\363\000g\000i\000c\000o}{}% 4
\BOOKMARK [1][-]{section.5}{\376\377\000M\000o\000d\000e\000l\000o\000\040\000F\000\355\000s\000i\000c\000o}{}% 5
\BOOKMARK [2][-]{subsection.5.1}{\376\377\000E\000f\000i\000c\000i\000\352\000n\000c\000i\000a}{section.5}% 6
\BOOKMARK [1][-]{section.6}{\376\377\000C\000o\000n\000s\000u\000l\000t\000a\000s\000\040\000S\000Q\000L}{}% 7
\BOOKMARK [2][-]{subsection.6.1}{\376\377\000C\000a\000d\000a\000s\000t\000r\000o\000\040\000d\000e\000\040\000n\000o\000v\000o\000\040\000l\000e\000a\000d}{section.6}% 8
\BOOKMARK [2][-]{subsection.6.2}{\376\377\000L\000i\000s\000t\000a\000g\000e\000m\000\040\000d\000e\000\040\000l\000e\000a\000d\000s\000\040\000c\000o\000m\000\040\000o\000\040\000u\000s\000u\000\341\000r\000i\000o\000\040\000r\000e\000s\000p\000o\000n\000s\000\341\000v\000e\000l}{section.6}% 9
\BOOKMARK [2][-]{subsection.6.3}{\376\377\000C\000o\000n\000t\000a\000g\000e\000m\000\040\000d\000e\000\040\000l\000e\000a\000d\000s\000\040\000p\000o\000r\000\040\000o\000r\000i\000g\000e\000m}{section.6}% 10
\BOOKMARK [2][-]{subsection.6.4}{\376\377\000U\000s\000u\000\341\000r\000i\000o\000s\000\040\000c\000o\000m\000\040\000m\000a\000i\000s\000\040\000d\000e\000\040\0002\000\040\000l\000e\000a\000d\000s\000\040\000c\000a\000d\000a\000s\000t\000r\000a\000d\000o\000s}{section.6}% 11
\BOOKMARK [2][-]{subsection.6.5}{\376\377\000L\000e\000a\000d\000s\000\040\000c\000u\000j\000o\000\040\000e\000m\000a\000i\000l\000\040\000j\000\341\000\040\000c\000o\000n\000s\000t\000a\000\040\000c\000o\000m\000o\000\040\000c\000l\000i\000e\000n\000t\000e}{section.6}% 12
\BOOKMARK [2][-]{subsection.6.6}{\376\377\000D\000i\000s\000t\000r\000i\000b\000u\000i\000\347\000\343\000o\000\040\000p\000e\000r\000c\000e\000n\000t\000u\000a\000l\000\040\000d\000e\000\040\000c\000l\000i\000e\000n\000t\000e\000s\000\040\000p\000o\000r\000\040\000s\000t\000a\000t\000u\000s}{section.6}% 13
\BOOKMARK [2][-]{subsection.6.7}{\376\377\000C\000o\000n\000c\000o\000r\000r\000e\000n\000t\000e\000s\000\040\000c\000o\000m\000\040\000e\000n\000d\000e\000r\000e\000\347\000o\000\040\000c\000a\000d\000a\000s\000t\000r\000a\000d\000o\000\040\000e\000\040\000s\000e\000u\000\040\000r\000e\000s\000p\000o\000n\000s\000\341\000v\000e\000l}{section.6}% 14
\BOOKMARK [2][-]{subsection.6.8}{\376\377\000A\000t\000u\000a\000l\000i\000z\000a\000\347\000\343\000o\000\040\000d\000o\000\040\000s\000t\000a\000t\000u\000s\000\040\000d\000e\000\040\000u\000m\000\040\000l\000e\000a\000d}{section.6}% 15
\BOOKMARK [2][-]{subsection.6.9}{\376\377\000R\000e\000m\000o\000\347\000\343\000o\000\040\000d\000e\000\040\000l\000e\000a\000d\000s\000\040\000p\000e\000r\000d\000i\000d\000o\000s}{section.6}% 16
\BOOKMARK [2][-]{subsection.6.10}{\376\377\000F\000u\000n\000i\000l\000\040\000d\000e\000\040\000v\000e\000n\000d\000a\000s\000\040\000a\000g\000r\000u\000p\000a\000d\000o\000\040\000p\000o\000r\000\040\000e\000t\000a\000p\000a}{section.6}% 17
\BOOKMARK [2][-]{subsection.6.11}{\376\377\000L\000e\000a\000d\000s\000\040\000c\000o\000m\000\040\000p\000o\000n\000t\000u\000a\000\347\000\343\000o\000\040\000a\000c\000i\000m\000a\000\040\000d\000a\000\040\000m\000\351\000d\000i\000a\000\040\000g\000e\000r\000a\000l}{section.6}% 18
\BOOKMARK [2][-]{subsection.6.12}{\376\377\000T\000o\000d\000o\000s\000\040\000o\000s\000\040\000l\000e\000a\000d\000s\000,\000\040\000c\000o\000m\000\040\000e\000n\000d\000e\000r\000e\000\347\000o\000\040\000q\000u\000a\000n\000d\000o\000\040\000d\000i\000s\000p\000o\000n\000\355\000v\000e\000l}{section.6}% 19
\BOOKMARK [2][-]{subsection.6.13}{\376\377\000U\000s\000u\000\341\000r\000i\000o\000s\000\040\000e\000\040\000s\000e\000u\000s\000\040\000g\000r\000u\000p\000o\000s}{section.6}% 20
\BOOKMARK [2][-]{subsection.6.14}{\376\377\000C\000l\000i\000e\000n\000t\000e\000s\000\040\000p\000o\000r\000\040\000u\000s\000u\000\341\000r\000i\000o\000\040\000r\000e\000s\000p\000o\000n\000s\000\341\000v\000e\000l}{section.6}% 21
\BOOKMARK [2][-]{subsection.6.15}{\376\377\000E\000m\000p\000r\000e\000s\000a\000s\000\040\000c\000o\000m\000\040\000m\000a\000i\000s\000\040\000d\000e\000\040\000u\000m\000\040\000l\000e\000a\000d\000\040\000c\000a\000d\000a\000s\000t\000r\000a\000d\000o}{section.6}% 22
\BOOKMARK [1][-]{section.7}{\376\377\000C\000o\000n\000c\000l\000u\000s\000\343\000o}{}% 23
